build/app/intermediates/manifest_merge_blame_file/release/manifest-merger-blame-release-report.txt
1<?xml version="1.0" encoding="utf-8"?>
2<manifest xmlns:android="http://schemas.android.com/apk/res/android"
3    package="com.sdmcetassistflutterapp.sdmcetassist"
4    android:versionCode="1"
5    android:versionName="1.0.0" >
6
7    <uses-sdk
8        android:minSdkVersion="21"
8-->src\main\AndroidManifest.xml
9        android:targetSdkVersion="28" />
9-->src\main\AndroidManifest.xml
10
11    <uses-permission android:name="android.permission.ACCESS_NETWORK_STATE" />
11-->[:firebase_analytics] AndroidManifest.xml:7:5-79
11-->[:firebase_analytics] AndroidManifest.xml:7:22-76
12    <uses-permission android:name="android.permission.INTERNET" />
12-->[:firebase_analytics] AndroidManifest.xml:8:5-67
12-->[:firebase_analytics] AndroidManifest.xml:8:22-64
13    <uses-permission android:name="android.permission.WAKE_LOCK" /> <!-- Required by older versions of Google Play services to create IID tokens -->
13-->[:firebase_analytics] AndroidManifest.xml:9:5-68
13-->[:firebase_analytics] AndroidManifest.xml:9:22-65
14    <uses-permission android:name="com.google.android.c2dm.permission.RECEIVE" />
14-->[com.google.firebase:firebase-iid:20.0.1] AndroidManifest.xml:26:5-82
14-->[com.google.firebase:firebase-iid:20.0.1] AndroidManifest.xml:26:22-79
15    <uses-permission android:name="com.google.android.finsky.permission.BIND_GET_INSTALL_REFERRER_SERVICE" />
15-->[com.google.android.gms:play-services-measurement:16.5.0] AndroidManifest.xml:26:5-110
15-->[com.google.android.gms:play-services-measurement:16.5.0] AndroidManifest.xml:26:22-107
16    <!--
17 io.flutter.app.FlutterApplication is an android.app.Application that
18         calls FlutterMain.startInitialization(this); in its onCreate method.
19         In most cases you can leave this as-is, but you if you want to provide
20         additional functionality it is fine to subclass or reimplement
21         FlutterApplication and put your custom class here.
22    -->
23    <application
23-->src\main\AndroidManifest.xml:8:5-29:19
24        android:name="io.flutter.app.FlutterApplication"
24-->src\main\AndroidManifest.xml:9:9-57
25        android:appComponentFactory="androidx.core.app.CoreComponentFactory"
25-->[androidx.core:core:1.1.0] AndroidManifest.xml:24:18-86
26        android:icon="@mipmap/sdmcetassisticon"
26-->src\main\AndroidManifest.xml:11:9-48
27        android:label="sdmcetassist" >
27-->src\main\AndroidManifest.xml:10:9-37
28        <activity
28-->src\main\AndroidManifest.xml:12:9-23:20
29            android:name="com.example.sdmcetassist.MainActivity"
29-->src\main\AndroidManifest.xml:13:13-41
30            android:configChanges="orientation|keyboardHidden|keyboard|screenSize|smallestScreenSize|locale|layoutDirection|fontScale|screenLayout|density|uiMode"
30-->src\main\AndroidManifest.xml:16:13-163
31            android:hardwareAccelerated="true"
31-->src\main\AndroidManifest.xml:17:13-47
32            android:launchMode="singleTop"
32-->src\main\AndroidManifest.xml:14:13-43
33            android:theme="@style/LaunchTheme"
33-->src\main\AndroidManifest.xml:15:13-47
34            android:windowSoftInputMode="adjustResize" >
34-->src\main\AndroidManifest.xml:18:13-55
35            <intent-filter>
35-->src\main\AndroidManifest.xml:19:13-22:29
36                <action android:name="android.intent.action.MAIN" />
36-->src\main\AndroidManifest.xml:20:17-68
36-->src\main\AndroidManifest.xml:20:25-66
37
38                <category android:name="android.intent.category.LAUNCHER" />
38-->src\main\AndroidManifest.xml:21:17-76
38-->src\main\AndroidManifest.xml:21:27-74
39            </intent-filter>
40        </activity>
41        <!--
42             Don't delete the meta-data below.
43             This is used by the Flutter tool to generate GeneratedPluginRegistrant.java
44        -->
45        <meta-data
45-->src\main\AndroidManifest.xml:26:9-28:33
46            android:name="flutterEmbedding"
46-->src\main\AndroidManifest.xml:27:13-44
47            android:value="2" />
47-->src\main\AndroidManifest.xml:28:13-30
48
49        <service
49-->[:firebase_storage] AndroidManifest.xml:8:9-12:19
50            android:name="com.google.firebase.components.ComponentDiscoveryService"
50-->[:firebase_storage] AndroidManifest.xml:8:18-89
51            android:directBootAware="true"
51-->[com.google.firebase:firebase-common:19.3.0] AndroidManifest.xml:34:13-43
52            android:exported="false" >
52-->[com.google.firebase:firebase-firestore:21.3.0] AndroidManifest.xml:19:13-37
53            <meta-data
53-->[:firebase_storage] AndroidManifest.xml:9:13-11:85
54                android:name="com.google.firebase.components:io.flutter.plugins.firebase.storage.FlutterFirebaseAppRegistrar"
54-->[:firebase_storage] AndroidManifest.xml:10:17-126
55                android:value="com.google.firebase.components.ComponentRegistrar" />
55-->[:firebase_storage] AndroidManifest.xml:11:17-82
56            <meta-data
56-->[:firebase_auth] AndroidManifest.xml:9:13-11:85
57                android:name="com.google.firebase.components:io.flutter.plugins.firebaseauth.FlutterFirebaseAppRegistrar"
57-->[:firebase_auth] AndroidManifest.xml:10:17-122
58                android:value="com.google.firebase.components.ComponentRegistrar" />
58-->[:firebase_auth] AndroidManifest.xml:11:17-82
59            <meta-data
59-->[:cloud_firestore] AndroidManifest.xml:9:13-11:85
60                android:name="com.google.firebase.components:io.flutter.plugins.firebase.cloudfirestore.FlutterFirebaseAppRegistrar"
60-->[:cloud_firestore] AndroidManifest.xml:10:17-133
61                android:value="com.google.firebase.components.ComponentRegistrar" />
61-->[:cloud_firestore] AndroidManifest.xml:11:17-82
62            <meta-data
62-->[:firebase_core] AndroidManifest.xml:9:13-11:85
63                android:name="com.google.firebase.components:io.flutter.plugins.firebase.core.FlutterFirebaseAppRegistrar"
63-->[:firebase_core] AndroidManifest.xml:10:17-123
64                android:value="com.google.firebase.components.ComponentRegistrar" />
64-->[:firebase_core] AndroidManifest.xml:11:17-82
65            <meta-data
65-->[:firebase_messaging] AndroidManifest.xml:14:13-16:85
66                android:name="com.google.firebase.components:io.flutter.plugins.firebasemessaging.FlutterFirebaseAppRegistrar"
66-->[:firebase_messaging] AndroidManifest.xml:15:17-127
67                android:value="com.google.firebase.components.ComponentRegistrar" />
67-->[:firebase_messaging] AndroidManifest.xml:16:17-82
68            <meta-data
68-->[:firebase_analytics] AndroidManifest.xml:13:13-15:85
69                android:name="com.google.firebase.components:io.flutter.plugins.firebaseanalytics.FlutterFirebaseAppRegistrar"
69-->[:firebase_analytics] AndroidManifest.xml:14:17-127
70                android:value="com.google.firebase.components.ComponentRegistrar" />
70-->[:firebase_analytics] AndroidManifest.xml:15:17-82
71            <meta-data
71-->[com.google.firebase:firebase-storage:17.0.0] AndroidManifest.xml:31:13-33:85
72                android:name="com.google.firebase.components:com.google.firebase.storage.StorageRegistrar"
72-->[com.google.firebase:firebase-storage:17.0.0] AndroidManifest.xml:32:17-107
73                android:value="com.google.firebase.components.ComponentRegistrar" />
73-->[com.google.firebase:firebase-storage:17.0.0] AndroidManifest.xml:33:17-82
74            <meta-data
74-->[com.google.firebase:firebase-firestore:21.3.0] AndroidManifest.xml:20:13-22:85
75                android:name="com.google.firebase.components:com.google.firebase.firestore.FirestoreRegistrar"
75-->[com.google.firebase:firebase-firestore:21.3.0] AndroidManifest.xml:21:17-111
76                android:value="com.google.firebase.components.ComponentRegistrar" />
76-->[com.google.firebase:firebase-firestore:21.3.0] AndroidManifest.xml:22:17-82
77            <meta-data
77-->[com.google.firebase:firebase-auth:19.2.0] AndroidManifest.xml:36:13-38:85
78                android:name="com.google.firebase.components:com.google.firebase.auth.FirebaseAuthRegistrar"
78-->[com.google.firebase:firebase-auth:19.2.0] AndroidManifest.xml:37:17-109
79                android:value="com.google.firebase.components.ComponentRegistrar" />
79-->[com.google.firebase:firebase-auth:19.2.0] AndroidManifest.xml:38:17-82
80            <meta-data
80-->[com.google.android.gms:play-services-measurement-api:16.5.0] AndroidManifest.xml:30:13-32:85
81                android:name="com.google.firebase.components:com.google.firebase.analytics.connector.internal.AnalyticsConnectorRegistrar"
81-->[com.google.android.gms:play-services-measurement-api:16.5.0] AndroidManifest.xml:31:17-139
82                android:value="com.google.firebase.components.ComponentRegistrar" />
82-->[com.google.android.gms:play-services-measurement-api:16.5.0] AndroidManifest.xml:32:17-82
83            <meta-data
83-->[com.google.firebase:firebase-iid:20.0.1] AndroidManifest.xml:32:13-34:85
84                android:name="com.google.firebase.components:com.google.firebase.iid.Registrar"
84-->[com.google.firebase:firebase-iid:20.0.1] AndroidManifest.xml:33:17-96
85                android:value="com.google.firebase.components.ComponentRegistrar" />
85-->[com.google.firebase:firebase-iid:20.0.1] AndroidManifest.xml:34:17-82
86        </service>
87        <service android:name="io.flutter.plugins.firebasemessaging.FlutterFirebaseMessagingService" >
87-->[:firebase_messaging] AndroidManifest.xml:8:9-12:19
87-->[:firebase_messaging] AndroidManifest.xml:8:18-101
88            <intent-filter>
88-->[:firebase_messaging] AndroidManifest.xml:9:13-11:29
89                <action android:name="com.google.firebase.MESSAGING_EVENT" />
89-->[:firebase_messaging] AndroidManifest.xml:10:17-78
89-->[:firebase_messaging] AndroidManifest.xml:10:25-75
90            </intent-filter>
91        </service>
92
93        <activity
93-->[:url_launcher] AndroidManifest.xml:8:9-11:74
94            android:name="io.flutter.plugins.urllauncher.WebViewActivity"
94-->[:url_launcher] AndroidManifest.xml:9:13-74
95            android:exported="false"
95-->[:url_launcher] AndroidManifest.xml:10:13-37
96            android:theme="@android:style/Theme.NoTitleBar.Fullscreen" />
96-->[:url_launcher] AndroidManifest.xml:11:13-71
97        <!--
98             FirebaseMessagingService performs security checks at runtime,
99             but set to not exported to explicitly avoid allowing another app to call it.
100        -->
101        <service
101-->[com.google.firebase:firebase-messaging:20.0.1] AndroidManifest.xml:28:9-34:19
102            android:name="com.google.firebase.messaging.FirebaseMessagingService"
102-->[com.google.firebase:firebase-messaging:20.0.1] AndroidManifest.xml:29:13-82
103            android:exported="false" >
103-->[com.google.firebase:firebase-messaging:20.0.1] AndroidManifest.xml:30:13-37
104            <intent-filter android:priority="-500" >
104-->[:firebase_messaging] AndroidManifest.xml:9:13-11:29
105                <action android:name="com.google.firebase.MESSAGING_EVENT" />
105-->[:firebase_messaging] AndroidManifest.xml:10:17-78
105-->[:firebase_messaging] AndroidManifest.xml:10:25-75
106            </intent-filter>
107        </service>
108
109        <activity
109-->[com.google.firebase:firebase-auth:19.2.0] AndroidManifest.xml:24:9-31:50
110            android:name="com.google.firebase.auth.internal.FederatedSignInActivity"
110-->[com.google.firebase:firebase-auth:19.2.0] AndroidManifest.xml:25:13-85
111            android:excludeFromRecents="true"
111-->[com.google.firebase:firebase-auth:19.2.0] AndroidManifest.xml:26:13-46
112            android:exported="true"
112-->[com.google.firebase:firebase-auth:19.2.0] AndroidManifest.xml:27:13-36
113            android:launchMode="singleTask"
113-->[com.google.firebase:firebase-auth:19.2.0] AndroidManifest.xml:28:13-44
114            android:permission="com.google.firebase.auth.api.gms.permission.LAUNCH_FEDERATED_SIGN_IN"
114-->[com.google.firebase:firebase-auth:19.2.0] AndroidManifest.xml:29:13-102
115            android:theme="@android:style/Theme.Translucent.NoTitleBar" />
115-->[com.google.firebase:firebase-auth:19.2.0] AndroidManifest.xml:30:13-72
116
117        <receiver
117-->[com.google.firebase:firebase-iid:20.0.1] AndroidManifest.xml:37:9-44:20
118            android:name="com.google.firebase.iid.FirebaseInstanceIdReceiver"
118-->[com.google.firebase:firebase-iid:20.0.1] AndroidManifest.xml:38:13-78
119            android:exported="true"
119-->[com.google.firebase:firebase-iid:20.0.1] AndroidManifest.xml:39:13-36
120            android:permission="com.google.android.c2dm.permission.SEND" >
120-->[com.google.firebase:firebase-iid:20.0.1] AndroidManifest.xml:40:13-73
121            <intent-filter>
121-->[com.google.firebase:firebase-iid:20.0.1] AndroidManifest.xml:41:13-43:29
122                <action android:name="com.google.android.c2dm.intent.RECEIVE" />
122-->[com.google.firebase:firebase-iid:20.0.1] AndroidManifest.xml:42:17-81
122-->[com.google.firebase:firebase-iid:20.0.1] AndroidManifest.xml:42:25-78
123            </intent-filter>
124        </receiver>
125
126        <provider
126-->[com.google.firebase:firebase-common:19.3.0] AndroidManifest.xml:26:9-30:39
127            android:name="com.google.firebase.provider.FirebaseInitProvider"
127-->[com.google.firebase:firebase-common:19.3.0] AndroidManifest.xml:27:13-77
128            android:authorities="com.sdmcetassistflutterapp.sdmcetassist.firebaseinitprovider"
128-->[com.google.firebase:firebase-common:19.3.0] AndroidManifest.xml:28:13-72
129            android:exported="false"
129-->[com.google.firebase:firebase-common:19.3.0] AndroidManifest.xml:29:13-37
130            android:initOrder="100" />
130-->[com.google.firebase:firebase-common:19.3.0] AndroidManifest.xml:30:13-36
131
132        <receiver
132-->[com.google.android.gms:play-services-measurement:16.5.0] AndroidManifest.xml:29:9-33:20
133            android:name="com.google.android.gms.measurement.AppMeasurementReceiver"
133-->[com.google.android.gms:play-services-measurement:16.5.0] AndroidManifest.xml:30:13-85
134            android:enabled="true"
134-->[com.google.android.gms:play-services-measurement:16.5.0] AndroidManifest.xml:31:13-35
135            android:exported="false" >
135-->[com.google.android.gms:play-services-measurement:16.5.0] AndroidManifest.xml:32:13-37
136        </receiver>
137        <receiver
137-->[com.google.android.gms:play-services-measurement:16.5.0] AndroidManifest.xml:34:9-42:20
138            android:name="com.google.android.gms.measurement.AppMeasurementInstallReferrerReceiver"
138-->[com.google.android.gms:play-services-measurement:16.5.0] AndroidManifest.xml:35:13-100
139            android:enabled="true"
139-->[com.google.android.gms:play-services-measurement:16.5.0] AndroidManifest.xml:36:13-35
140            android:exported="true"
140-->[com.google.android.gms:play-services-measurement:16.5.0] AndroidManifest.xml:37:13-36
141            android:permission="android.permission.INSTALL_PACKAGES" >
141-->[com.google.android.gms:play-services-measurement:16.5.0] AndroidManifest.xml:38:13-69
142            <intent-filter>
142-->[com.google.android.gms:play-services-measurement:16.5.0] AndroidManifest.xml:39:13-41:29
143                <action android:name="com.android.vending.INSTALL_REFERRER" />
143-->[com.google.android.gms:play-services-measurement:16.5.0] AndroidManifest.xml:40:17-79
143-->[com.google.android.gms:play-services-measurement:16.5.0] AndroidManifest.xml:40:25-76
144            </intent-filter>
145        </receiver>
146
147        <service
147-->[com.google.android.gms:play-services-measurement:16.5.0] AndroidManifest.xml:44:9-47:40
148            android:name="com.google.android.gms.measurement.AppMeasurementService"
148-->[com.google.android.gms:play-services-measurement:16.5.0] AndroidManifest.xml:45:13-84
149            android:enabled="true"
149-->[com.google.android.gms:play-services-measurement:16.5.0] AndroidManifest.xml:46:13-35
150            android:exported="false" />
150-->[com.google.android.gms:play-services-measurement:16.5.0] AndroidManifest.xml:47:13-37
151        <service
151-->[com.google.android.gms:play-services-measurement:16.5.0] AndroidManifest.xml:48:9-52:72
152            android:name="com.google.android.gms.measurement.AppMeasurementJobService"
152-->[com.google.android.gms:play-services-measurement:16.5.0] AndroidManifest.xml:49:13-87
153            android:enabled="true"
153-->[com.google.android.gms:play-services-measurement:16.5.0] AndroidManifest.xml:50:13-35
154            android:exported="false"
154-->[com.google.android.gms:play-services-measurement:16.5.0] AndroidManifest.xml:51:13-37
155            android:permission="android.permission.BIND_JOB_SERVICE" />
155-->[com.google.android.gms:play-services-measurement:16.5.0] AndroidManifest.xml:52:13-69
156
157        <activity
157-->[com.google.android.gms:play-services-base:17.1.0] AndroidManifest.xml:23:9-26:75
158            android:name="com.google.android.gms.common.api.GoogleApiActivity"
158-->[com.google.android.gms:play-services-base:17.1.0] AndroidManifest.xml:24:13-79
159            android:exported="false"
159-->[com.google.android.gms:play-services-base:17.1.0] AndroidManifest.xml:25:13-37
160            android:theme="@android:style/Theme.Translucent.NoTitleBar" />
160-->[com.google.android.gms:play-services-base:17.1.0] AndroidManifest.xml:26:13-72
161
162        <meta-data
162-->[com.google.android.gms:play-services-basement:17.0.0] AndroidManifest.xml:23:9-25:69
163            android:name="com.google.android.gms.version"
163-->[com.google.android.gms:play-services-basement:17.0.0] AndroidManifest.xml:24:13-58
164            android:value="@integer/google_play_services_version" />
164-->[com.google.android.gms:play-services-basement:17.0.0] AndroidManifest.xml:25:13-66
165    </application>
166
167</manifest>